2025-07-24 21:26:58,820 - __main__ - INFO - 데이터베이스와 테이블이 초기화되었습니다.
2025-07-24 21:26:58,884 - __main__ - INFO - --- 토큰 발급 응답 ---
2025-07-24 21:26:58,884 - __main__ - INFO - Code: 200
2025-07-24 21:26:58,885 - __main__ - INFO - Body: {
    "expires_dt": "20250725194413",
    "return_msg": "정상적으로 처리되었습니다",
    "token_type": "Bearer",
    "return_code": 0,
    "token": "4uJohzljh_yp_8krGIwwS_xuOr25kZF783EDGcwRwjI6n-datbkz-q8MWq3i_TegsCDDSwqM03NLket7MQqBLw"
}
2025-07-24 21:26:58,885 - __main__ - INFO - 
토큰 발급 성공. 발급된 토큰으로 계좌 조회를 시작합니다.
2025-07-24 21:26:58,953 - __main__ - INFO - 
--- 계좌 정보 조회 응답 (kt00004) ---
2025-07-24 21:26:58,953 - __main__ - INFO - Code: 200
2025-07-24 21:26:58,954 - __main__ - INFO - Header: {
    "next-key": "",
    "cont-yn": "N",
    "api-id": "kt00004"
}
2025-07-24 21:26:58,954 - __main__ - INFO - Body: {
    "acnt_nm": "",
    "brch_nm": "",
    "entr": "000004034390",
    "d2_entra": "000004034390",
    "tot_est_amt": "000000826800",
    "aset_evlt_amt": "000004034390",
    "tot_pur_amt": "000000962250",
    "prsm_dpst_aset_amt": "000004857060",
    "tot_grnt_sella": "000000000000",
    "tdy_lspft_amt": "000000000000",
    "invt_bsamt": "000000000000",
    "lspft_amt": "000000000000",
    "tdy_lspft": "000000000000",
    "lspft2": "000000000000",
    "lspft": "000000000000",
    "tdy_lspft_rt": "0.00",
    "lspft_ratio": "0.00",
    "lspft_rt": "0.00",
    "stk_acnt_evlt_prst": [
        {
            "stk_cd": "A005740",
            "stk_nm": "크라운해태홀딩스",
            "rmnd_qty": "000000000104",
            "avg_prc": "000000009252",
            "cur_prc": "000000007950",
            "evlt_amt": "000000819310",
            "pl_amt": "-00000142940",
            "pl_rt": "-14.8548",
            "loan_dt": "",
            "pur_amt": "000000962250",
            "setl_remn": "000000000104",
            "pred_buyq": "000000000000",
            "pred_sellq": "000000000000",
            "tdy_buyq": "000000000000",
            "tdy_sellq": "000000000000"
        }
    ],
    "return_code": 0,
    "return_msg": "모의투자 조회완료"
}
2025-07-24 21:26:58,963 - __main__ - INFO - API 정보가 데이터베이스에 저장되었습니다.
2025-07-24 21:26:58,963 - __main__ - INFO - 
DB에서 정보 확인:
2025-07-24 21:26:58,964 - __main__ - INFO - 토큰 (DB에서): 4uJoh**********
2025-07-24 21:26:58,964 - __main__ - INFO - 계좌 번호 (DB에서): 000004034390
2025-07-24 21:26:58,964 - __main__ - INFO - 계좌명 (DB에서): 
2025-07-24 21:26:58,964 - __main__ - INFO - 잔액 (DB에서): 826800.0
2025-07-24 21:27:46,644 - __main__ - INFO - 데이터베이스와 테이블이 초기화되었습니다.
2025-07-24 21:27:46,709 - __main__ - INFO - --- 토큰 발급 응답 ---
2025-07-24 21:27:46,709 - __main__ - INFO - Code: 200
2025-07-24 21:27:46,710 - __main__ - INFO - Body: {
    "expires_dt": "20250725194413",
    "return_msg": "정상적으로 처리되었습니다",
    "token_type": "Bearer",
    "return_code": 0,
    "token": "4uJohzljh_yp_8krGIwwS_xuOr25kZF783EDGcwRwjI6n-datbkz-q8MWq3i_TegsCDDSwqM03NLket7MQqBLw"
}
2025-07-24 21:27:46,710 - __main__ - INFO - 
토큰 발급 성공. 발급된 토큰으로 계좌 조회를 시작합니다.
2025-07-24 21:27:46,774 - __main__ - INFO - 
--- 계좌 정보 조회 응답 (kt00004) ---
2025-07-24 21:27:46,774 - __main__ - INFO - Code: 200
2025-07-24 21:27:46,774 - __main__ - INFO - Header: {
    "next-key": "",
    "cont-yn": "N",
    "api-id": "kt00004"
}
2025-07-24 21:27:46,775 - __main__ - INFO - Body: {
    "acnt_nm": "",
    "brch_nm": "",
    "entr": "000004034390",
    "d2_entra": "000004034390",
    "tot_est_amt": "000000826800",
    "aset_evlt_amt": "000004034390",
    "tot_pur_amt": "000000962250",
    "prsm_dpst_aset_amt": "000004857060",
    "tot_grnt_sella": "000000000000",
    "tdy_lspft_amt": "000000000000",
    "invt_bsamt": "000000000000",
    "lspft_amt": "000000000000",
    "tdy_lspft": "000000000000",
    "lspft2": "000000000000",
    "lspft": "000000000000",
    "tdy_lspft_rt": "0.00",
    "lspft_ratio": "0.00",
    "lspft_rt": "0.00",
    "stk_acnt_evlt_prst": [
        {
            "stk_cd": "A005740",
            "stk_nm": "크라운해태홀딩스",
            "rmnd_qty": "000000000104",
            "avg_prc": "000000009252",
            "cur_prc": "000000007950",
            "evlt_amt": "000000819310",
            "pl_amt": "-00000142940",
            "pl_rt": "-14.8548",
            "loan_dt": "",
            "pur_amt": "000000962250",
            "setl_remn": "000000000104",
            "pred_buyq": "000000000000",
            "pred_sellq": "000000000000",
            "tdy_buyq": "000000000000",
            "tdy_sellq": "000000000000"
        }
    ],
    "return_code": 0,
    "return_msg": "모의투자 조회완료"
}
2025-07-24 21:27:46,783 - __main__ - INFO - API 정보가 데이터베이스에 저장되었습니다.
2025-07-24 21:27:46,783 - __main__ - INFO - 
DB에서 정보 확인:
2025-07-24 21:27:46,784 - __main__ - INFO - 토큰 (DB에서): 4uJoh**********
2025-07-24 21:27:46,785 - __main__ - INFO - 계좌 번호 (DB에서): 000004034390
2025-07-24 21:27:46,785 - __main__ - INFO - 계좌명 (DB에서): 
2025-07-24 21:27:46,785 - __main__ - INFO - 잔액 (DB에서): 826800.0
2025-07-24 21:33:56,465 - __main__ - INFO - 데이터베이스와 테이블이 초기화되었습니다.
2025-07-24 21:33:56,534 - __main__ - INFO - --- 토큰 발급 응답 ---
2025-07-24 21:33:56,534 - __main__ - INFO - Code: 200
2025-07-24 21:33:56,535 - __main__ - INFO - Body: {
    "expires_dt": "20250725194413",
    "return_msg": "정상적으로 처리되었습니다",
    "token_type": "Bearer",
    "return_code": 0,
    "token": "4uJohzljh_yp_8krGIwwS_xuOr25kZF783EDGcwRwjI6n-datbkz-q8MWq3i_TegsCDDSwqM03NLket7MQqBLw"
}
2025-07-24 21:33:56,535 - __main__ - INFO - 
토큰 발급 성공. 발급된 토큰으로 계좌 조회를 시작합니다.
2025-07-24 21:33:56,605 - __main__ - INFO - 
--- 계좌 정보 조회 응답 (kt00004) ---
2025-07-24 21:33:56,605 - __main__ - INFO - Code: 200
2025-07-24 21:33:56,605 - __main__ - INFO - Header: {
    "next-key": "",
    "cont-yn": "N",
    "api-id": "kt00004"
}
2025-07-24 21:33:56,606 - __main__ - INFO - Body: {
    "acnt_nm": "",
    "brch_nm": "",
    "entr": "000004034390",
    "d2_entra": "000004034390",
    "tot_est_amt": "000000826800",
    "aset_evlt_amt": "000004034390",
    "tot_pur_amt": "000000962250",
    "prsm_dpst_aset_amt": "000004857060",
    "tot_grnt_sella": "000000000000",
    "tdy_lspft_amt": "000000000000",
    "invt_bsamt": "000000000000",
    "lspft_amt": "000000000000",
    "tdy_lspft": "000000000000",
    "lspft2": "000000000000",
    "lspft": "000000000000",
    "tdy_lspft_rt": "0.00",
    "lspft_ratio": "0.00",
    "lspft_rt": "0.00",
    "stk_acnt_evlt_prst": [
        {
            "stk_cd": "A005740",
            "stk_nm": "크라운해태홀딩스",
            "rmnd_qty": "000000000104",
            "avg_prc": "000000009252",
            "cur_prc": "000000007950",
            "evlt_amt": "000000819310",
            "pl_amt": "-00000142940",
            "pl_rt": "-14.8548",
            "loan_dt": "",
            "pur_amt": "000000962250",
            "setl_remn": "000000000104",
            "pred_buyq": "000000000000",
            "pred_sellq": "000000000000",
            "tdy_buyq": "000000000000",
            "tdy_sellq": "000000000000"
        }
    ],
    "return_code": 0,
    "return_msg": "모의투자 조회완료"
}
2025-07-24 21:33:56,614 - __main__ - INFO - API 정보가 데이터베이스에 저장되었습니다.
2025-07-24 21:33:56,614 - __main__ - INFO - 
DB에서 정보 확인:
2025-07-24 21:33:56,615 - __main__ - INFO - 토큰 (DB에서): 4uJoh**********
2025-07-24 21:33:56,615 - __main__ - INFO - 계좌 번호 (DB에서): 000004034390
2025-07-24 21:33:56,615 - __main__ - INFO - 계좌명 (DB에서): 
2025-07-24 21:33:56,615 - __main__ - INFO - 잔액 (DB에서): 826800.0
