2025-07-25 17:54:57,004 - __main__ - INFO - 키움증권 API 모듈 테스트를 시작합니다.
2025-07-25 17:54:57,108 - __main__ - ERROR - 토큰 발급 실패: 응답에 access_token이 없습니다. 응답 내용: {'expires_dt': '20250726175457', 'return_msg': '정상적으로 처리되었습니다', 'token_type': 'Bearer', 'return_code': 0, 'token': 'Cy0HXbh55GvfMYSYu213CMUtmDzPw8I4OETuIWrs7X4BKk6uQNSwEcvIn9zCaZ1_y7FIBeBY6kcUSNq3K4ctCQ'}
2025-07-25 17:54:57,109 - __main__ - INFO - 키움증권 API 모듈 테스트를 종료합니다.
2025-07-25 17:55:55,093 - __main__ - INFO - 키움증권 API 모듈 테스트를 시작합니다.
2025-07-25 17:55:55,156 - __main__ - INFO - 접근 토큰 발급 성공!
2025-07-25 17:55:55,157 - __main__ - INFO - 발급된 토큰 (앞 10자리): Cy0HXbh55G...
2025-07-25 17:55:55,158 - __main__ - INFO - 키움증권 API 모듈 테스트를 종료합니다.
2025-07-25 17:56:56,437 - __main__ - INFO - 키움증권 API 모듈 테스트를 시작합니다.
2025-07-25 17:56:56,498 - __main__ - INFO - 접근 토큰 발급 성공!
2025-07-25 17:56:56,499 - __main__ - INFO - 발급된 토큰 (앞 10자리): Cy0HXbh55G...
2025-07-25 17:56:56,557 - __main__ - INFO - 계좌 정보 조회 성공!
2025-07-25 17:56:56,558 - __main__ - INFO - 키움증권 API 모듈 테스트를 종료합니다.
2025-07-25 17:57:44,102 - __main__ - INFO - 키움증권 API 모듈 테스트를 시작합니다.
2025-07-25 17:57:44,162 - __main__ - INFO - 접근 토큰 발급 성공!
2025-07-25 17:57:44,163 - __main__ - INFO - 발급된 토큰 (앞 10자리): Cy0HXbh55G...
2025-07-25 17:57:44,231 - __main__ - INFO - 계좌 정보 조회 성공!
2025-07-25 17:57:44,232 - __main__ - INFO - 키움증권 API 모듈 테스트를 종료합니다.
2025-07-25 17:58:40,058 - __main__ - INFO - 키움증권 API 모듈 테스트를 시작합니다.
2025-07-25 17:58:40,122 - __main__ - INFO - 접근 토큰 발급 성공!
2025-07-25 17:58:40,123 - __main__ - INFO - 발급된 토큰 (앞 10자리): Cy0HXbh55G...
2025-07-25 17:58:40,190 - __main__ - INFO - 계좌 정보 응답 전문: {
    "acnt_nm": "",
    "brch_nm": "",
    "entr": "000004034390",
    "d2_entra": "000004034390",
    "tot_est_amt": "000000821600",
    "aset_evlt_amt": "000004034390",
    "tot_pur_amt": "000000962250",
    "prsm_dpst_aset_amt": "000004851888",
    "tot_grnt_sella": "000000000000",
    "tdy_lspft_amt": "000000000000",
    "invt_bsamt": "000000000000",
    "lspft_amt": "000000000000",
    "tdy_lspft": "000000000000",
    "lspft2": "000000000000",
    "lspft": "000000000000",
    "tdy_lspft_rt": "0.00",
    "lspft_ratio": "0.00",
    "lspft_rt": "0.00",
    "stk_acnt_evlt_prst": [
        {
            "stk_cd": "A005740",
            "stk_nm": "크라운해태홀딩스",
            "rmnd_qty": "000000000104",
            "avg_prc": "000000009252",
            "cur_prc": "000000007900",
            "evlt_amt": "000000814138",
            "pl_amt": "-00000148112",
            "pl_rt": "-15.3923",
            "loan_dt": "",
            "pur_amt": "000000962250",
            "setl_remn": "000000000104",
            "pred_buyq": "000000000000",
            "pred_sellq": "000000000000",
            "tdy_buyq": "000000000000",
            "tdy_sellq": "000000000000"
        }
    ],
    "return_code": 0,
    "return_msg": "모의투자 조회완료"
}
2025-07-25 17:58:40,190 - __main__ - INFO - 계좌 정보 조회 성공!
2025-07-25 17:58:40,191 - __main__ - INFO - 키움증권 API 모듈 테스트를 종료합니다.
2025-07-25 17:58:53,720 - __main__ - INFO - 키움증권 API 모듈 테스트를 시작합니다.
2025-07-25 17:58:53,785 - __main__ - INFO - 접근 토큰 발급 성공!
2025-07-25 17:58:53,786 - __main__ - INFO - 발급된 토큰 (앞 10자리): Cy0HXbh55G...
2025-07-25 17:58:53,855 - __main__ - INFO - 계좌 정보 응답 전문: {
    "acnt_nm": "",
    "brch_nm": "",
    "entr": "000004034390",
    "d2_entra": "000004034390",
    "tot_est_amt": "000000821600",
    "aset_evlt_amt": "000004034390",
    "tot_pur_amt": "000000962250",
    "prsm_dpst_aset_amt": "000004851888",
    "tot_grnt_sella": "000000000000",
    "tdy_lspft_amt": "000000000000",
    "invt_bsamt": "000000000000",
    "lspft_amt": "000000000000",
    "tdy_lspft": "000000000000",
    "lspft2": "000000000000",
    "lspft": "000000000000",
    "tdy_lspft_rt": "0.00",
    "lspft_ratio": "0.00",
    "lspft_rt": "0.00",
    "stk_acnt_evlt_prst": [
        {
            "stk_cd": "A005740",
            "stk_nm": "크라운해태홀딩스",
            "rmnd_qty": "000000000104",
            "avg_prc": "000000009252",
            "cur_prc": "000000007900",
            "evlt_amt": "000000814138",
            "pl_amt": "-00000148112",
            "pl_rt": "-15.3923",
            "loan_dt": "",
            "pur_amt": "000000962250",
            "setl_remn": "000000000104",
            "pred_buyq": "000000000000",
            "pred_sellq": "000000000000",
            "tdy_buyq": "000000000000",
            "tdy_sellq": "000000000000"
        }
    ],
    "return_code": 0,
    "return_msg": "모의투자 조회완료"
}
2025-07-25 17:58:53,855 - __main__ - INFO - 계좌 정보 조회 성공!
2025-07-25 17:58:53,856 - __main__ - INFO - --- 계좌 정보 ---
2025-07-25 17:58:53,856 - __main__ - INFO - {
    "acnt_nm": "",
    "brch_nm": "",
    "entr": "000004034390",
    "d2_entra": "000004034390",
    "tot_est_amt": "000000821600",
    "aset_evlt_amt": "000004034390",
    "tot_pur_amt": "000000962250",
    "prsm_dpst_aset_amt": "000004851888",
    "tot_grnt_sella": "000000000000",
    "tdy_lspft_amt": "000000000000",
    "invt_bsamt": "000000000000",
    "lspft_amt": "000000000000",
    "tdy_lspft": "000000000000",
    "lspft2": "000000000000",
    "lspft": "000000000000",
    "tdy_lspft_rt": "0.00",
    "lspft_ratio": "0.00",
    "lspft_rt": "0.00",
    "stk_acnt_evlt_prst": [
        {
            "stk_cd": "A005740",
            "stk_nm": "크라운해태홀딩스",
            "rmnd_qty": "000000000104",
            "avg_prc": "000000009252",
            "cur_prc": "000000007900",
            "evlt_amt": "000000814138",
            "pl_amt": "-00000148112",
            "pl_rt": "-15.3923",
            "loan_dt": "",
            "pur_amt": "000000962250",
            "setl_remn": "000000000104",
            "pred_buyq": "000000000000",
            "pred_sellq": "000000000000",
            "tdy_buyq": "000000000000",
            "tdy_sellq": "000000000000"
        }
    ],
    "return_code": 0,
    "return_msg": "모의투자 조회완료"
}
2025-07-25 17:58:53,857 - __main__ - INFO - {
    "acnt_nm": "",
    "brch_nm": "",
    "entr": "000004034390",
    "d2_entra": "000004034390",
    "tot_est_amt": "000000821600",
    "aset_evlt_amt": "000004034390",
    "tot_pur_amt": "000000962250",
    "prsm_dpst_aset_amt": "000004851888",
    "tot_grnt_sella": "000000000000",
    "tdy_lspft_amt": "000000000000",
    "invt_bsamt": "000000000000",
    "lspft_amt": "000000000000",
    "tdy_lspft": "000000000000",
    "lspft2": "000000000000",
    "lspft": "000000000000",
    "tdy_lspft_rt": "0.00",
    "lspft_ratio": "0.00",
    "lspft_rt": "0.00",
    "stk_acnt_evlt_prst": [
        {
            "stk_cd": "A005740",
            "stk_nm": "크라운해태홀딩스",
            "rmnd_qty": "000000000104",
            "avg_prc": "000000009252",
            "cur_prc": "000000007900",
            "evlt_amt": "000000814138",
            "pl_amt": "-00000148112",
            "pl_rt": "-15.3923",
            "loan_dt": "",
            "pur_amt": "000000962250",
            "setl_remn": "000000000104",
            "pred_buyq": "000000000000",
            "pred_sellq": "000000000000",
            "tdy_buyq": "000000000000",
            "tdy_sellq": "000000000000"
        }
    ],
    "return_code": 0,
    "return_msg": "모의투자 조회완료"
}
2025-07-25 17:58:53,857 - __main__ - INFO - 키움증권 API 모듈 테스트를 종료합니다.
2025-07-25 18:16:41,926 - __main__ - INFO - 키움증권 API 모듈 테스트를 시작합니다 (DB 연동 방식).
2025-07-25 18:16:42,043 - __main__ - INFO - 접근 토큰 발급 성공!
2025-07-25 18:16:42,044 - __main__ - INFO - 발급된 토큰 (앞 10자리): Cy0HXbh55G...
2025-07-25 18:16:42,107 - __main__ - INFO - 계좌 정보 조회 성공!
2025-07-25 18:16:42,107 - __main__ - INFO - --- 계좌 정보 ---
2025-07-25 18:16:42,108 - __main__ - INFO - {
    "acnt_nm": "",
    "brch_nm": "",
    "entr": "000004034390",
    "d2_entra": "000004034390",
    "tot_est_amt": "000000821600",
    "aset_evlt_amt": "000004034390",
    "tot_pur_amt": "000000962250",
    "prsm_dpst_aset_amt": "000004851888",
    "tot_grnt_sella": "000000000000",
    "tdy_lspft_amt": "000000000000",
    "invt_bsamt": "000000000000",
    "lspft_amt": "000000000000",
    "tdy_lspft": "000000000000",
    "lspft2": "000000000000",
    "lspft": "000000000000",
    "tdy_lspft_rt": "0.00",
    "lspft_ratio": "0.00",
    "lspft_rt": "0.00",
    "stk_acnt_evlt_prst": [
        {
            "stk_cd": "A005740",
            "stk_nm": "크라운해태홀딩스",
            "rmnd_qty": "000000000104",
            "avg_prc": "000000009252",
            "cur_prc": "000000007900",
            "evlt_amt": "000000814138",
            "pl_amt": "-00000148112",
            "pl_rt": "-15.3923",
            "loan_dt": "",
            "pur_amt": "000000962250",
            "setl_remn": "000000000104",
            "pred_buyq": "000000000000",
            "pred_sellq": "000000000000",
            "tdy_buyq": "000000000000",
            "tdy_sellq": "000000000000"
        }
    ],
    "return_code": 0,
    "return_msg": "모의투자 조회완료"
}
2025-07-25 18:16:42,108 - __main__ - INFO - 키움증권 API 모듈 테스트를 종료합니다.
2025-07-25 18:34:08,086 - kiwoom_api - INFO - 코스피/코스닥 전종목 조회 및 DB 저장 스크립트를 시작합니다.
2025-07-25 18:34:08,200 - kiwoom_api - INFO - 접근 토큰 발급 성공!
2025-07-25 18:34:08,201 - kiwoom_api - INFO - KOSPI 종목 정보 조회를 시작합니다.
2025-07-25 18:34:08,367 - kiwoom_api - INFO - KOSPI 종목 정보 0개 조회 완료.
2025-07-25 18:34:08,368 - kiwoom_api - INFO - KOSDAQ 종목 정보 조회를 시작합니다.
2025-07-25 18:34:08,491 - kiwoom_api - INFO - KOSDAQ 종목 정보 0개 조회 완료.
2025-07-25 18:34:08,492 - kiwoom_api - INFO - 총 0개의 종목 정보가 수집되었습니다.
2025-07-25 18:34:08,492 - kiwoom_api - WARNING - 수집된 종목 정보가 없어 DB에 저장할 내용이 없습니다.
2025-07-25 18:34:08,492 - kiwoom_api - INFO - 코스피/코스닥 전종목 조회 및 DB 저장 스크립트를 종료합니다.
